<?xml version="1.0" encoding="UTF-8"?>
<testsuite xmlns:xsi="http://www.w3.org/2001/XMLSchema-instance" xsi:noNamespaceSchemaLocation="https://maven.apache.org/surefire/maven-surefire-plugin/xsd/surefire-test-report-3.0.xsd" version="3.0" name="dev.studentmanagement.studentmanagement.StudentManagementApplicationTests" time="11.351" tests="1" errors="0" skipped="0" failures="0">
  <properties>
[...]
</properties>
  <testcase name="contextLoads" classname="dev.studentmanagement.studentmanagement.StudentManagementApplicationTests" time="0.978">
    <system-out><![CDATA[14:54:31.660 [main] INFO org.springframework.test.context.support.AnnotationConfigContextLoaderUtils -- Could not detect default configuration classes for test class [dev.studentmanagement.studentmanagement.StudentManagementApplicationTests]: StudentManagementApplicationTests does not declare any static, non-private, non-final, nested classes annotated with @Configuration.
14:54:31.879 [main] INFO org.springframework.boot.test.context.SpringBootTestContextBootstrapper -- Found @SpringBootConfiguration dev.studentmanagement.studentmanagement.StudentManagementApplication for test class dev.studentmanagement.studentmanagement.StudentManagementApplicationTests

  .   ____          _            __ _ _
 /\\ / ___'_ __ _ _(_)_ __  __ _ \ \ \ \
( ( )\___ | '_ | '_| | '_ \/ _` | \ \ \ \
 \\/  ___)| |_)| | | | | || (_| |  ) ) ) )
  '  |____| .__|_| |_|_| |_\__, | / / / /
 =========|_|==============|___/=/_/_/_/
 :: Spring Boot ::                (v3.2.5)

2026-04-28T14:54:32.737-05:00  INFO 128944 --- [           main] d.s.s.StudentManagementApplicationTests  : Starting StudentManagementApplicationTests using Java 17.0.12 with PID 128944 (started by User in C:\Users\User\IdeaProjects\CRUD_APP\StudentManagementLayers\StudentManagement)
2026-04-28T14:54:32.744-05:00  INFO 128944 --- [           main] d.s.s.StudentManagementApplicationTests  : No active profile set, falling back to 1 default profile: "default"
2026-04-28T14:54:34.527-05:00  INFO 128944 --- [           main] .s.d.r.c.RepositoryConfigurationDelegate : Bootstrapping Spring Data JPA repositories in DEFAULT mode.
2026-04-28T14:54:34.658-05:00  INFO 128944 --- [           main] .s.d.r.c.RepositoryConfigurationDelegate : Finished Spring Data repository scanning in 115 ms. Found 1 JPA repository interface.
2026-04-28T14:54:35.877-05:00  INFO 128944 --- [           main] o.hibernate.jpa.internal.util.LogHelper  : HHH000204: Processing PersistenceUnitInfo [name: default]
2026-04-28T14:54:36.039-05:00  INFO 128944 --- [           main] org.hibernate.Version                    : HHH000412: Hibernate ORM core version 6.4.4.Final
2026-04-28T14:54:36.139-05:00  INFO 128944 --- [           main] o.h.c.internal.RegionFactoryInitiator    : HHH000026: Second-level cache disabled
2026-04-28T14:54:36.874-05:00  INFO 128944 --- [           main] o.s.o.j.p.SpringPersistenceUnitInfo      : No LoadTimeWeaver setup: ignoring JPA class transformer
2026-04-28T14:54:36.968-05:00  INFO 128944 --- [           main] com.zaxxer.hikari.HikariDataSource       : HikariPool-1 - Starting...
2026-04-28T14:54:37.726-05:00  INFO 128944 --- [           main] com.zaxxer.hikari.pool.HikariPool        : HikariPool-1 - Added connection conn0: url=jdbc:h2:mem:testdb user=SA
2026-04-28T14:54:37.730-05:00  INFO 128944 --- [           main] com.zaxxer.hikari.HikariDataSource       : HikariPool-1 - Start completed.
2026-04-28T14:54:37.808-05:00  WARN 128944 --- [           main] org.hibernate.orm.deprecation            : HHH90000025: H2Dialect does not need to be specified explicitly using 'hibernate.dialect' (remove the property setting and it will be selected by default)
2026-04-28T14:54:39.528-05:00  INFO 128944 --- [           main] o.h.e.t.j.p.i.JtaPlatformInitiator       : HHH000489: No JTA platform available (set 'hibernate.transaction.jta.platform' to enable JTA platform integration)
2026-04-28T14:54:39.598-05:00  INFO 128944 --- [           main] j.LocalContainerEntityManagerFactoryBean : Initialized JPA EntityManagerFactory for persistence unit 'default'
2026-04-28T14:54:40.441-05:00  WARN 128944 --- [           main] JpaBaseConfiguration$JpaWebConfiguration : spring.jpa.open-in-view is enabled by default. Therefore, database queries may be performed during view rendering. Explicitly configure spring.jpa.open-in-view to disable this warning
2026-04-28T14:54:41.663-05:00  INFO 128944 --- [           main] d.s.s.StudentManagementApplicationTests  : Started StudentManagementApplicationTests in 9.4 seconds (process running for 11.308)
]]></system-out>
  </testcase>
</testsuite>